2018-10-25 20:52:11,407 | root | MainThread   | init_logging:22 || INFO | -------------------------------------------------------- |
2018-10-25 20:52:11,409 | root | MainThread   | init_logging:23 || INFO | -------           New Logging session            ------- |
2018-10-25 20:52:11,411 | root | MainThread   | init_logging:24 || INFO | -------------------------------------------------------- |
2018-10-25 20:52:11,421 | __main__ | MainThread   | <module>:68 || INFO | I2C call back Created
2018-10-25 20:52:11,425 | __main__ | MainThread   | <module>:71 || INFO | Gateway's I2C address is set to 9
2018-10-25 20:52:56,297 | __main__ | Thread-1     | i2c:37 || INFO | Receiving I2C communications
2018-10-25 20:52:56,319 | Linker.Linker | Thread-1     | __init__:22 || INFO | Init Linker
2018-10-25 20:52:56,349 | FirebaseDriver.FirebaseDriver | Thread-1     | __init__:29 || INFO | Init Cloud Connection
2018-10-25 20:52:56,419 | __main__ | Thread-1     | i2c:48 || INFO | Convert Raw Bytes into well_id and measurement: 00:00:c0:41:00:00:59:43
2018-10-25 20:52:56,436 | __main__ | Thread-1     | i2c:50 || DEBUG | Bytes converted to :> id = 24.0 , measurement = 217.0
2018-10-25 20:52:56,447 | __main__ | Thread-1     | i2c:52 || INFO | Creadting a Reading instance from I2C data
2018-10-25 20:52:56,464 | Models.Reading | Thread-1     | __init__:19 || INFO | Init Reading
2018-10-25 20:52:56,480 | Models.Reading | Thread-1     | __init__:20 || DEBUG | Init Reading( 24, 217.0, 2018-10-25 20:52:56.463965)
2018-10-25 20:52:56,491 | __main__ | Thread-1     | i2c:54 || DEBUG | Received Reading :
Reading:> 
	 Well ID  = 24
	 Raw data = 217.0
	 Time = 217.0

2018-10-25 20:52:56,507 | Linker.Linker | Thread-1     | link_and_persist:40 || INFO | preparing to link and persist
2018-10-25 20:52:56,524 | Linker.Linker | Thread-1     | link_and_persist:41 || DEBUG | linking and persisting:> 
 Reading:> 
	 Well ID  = 24
	 Raw data = 217.0
	 Time = 217.0

2018-10-25 20:52:56,540 | Linker.Linker | Thread-1     | convert_reading_to_well_reading:76 || DEBUG | Converting Reading:> 
	 Well ID  = 24
	 Raw data = 217.0
	 Time = 217.0

2018-10-25 20:52:56,556 | DBHandlers.WellDAO | Thread-1     | read_by_id:55 || INFO | Selecting Well with id = 24
2018-10-25 20:52:56,583 | DBHandlers.DBDriver | Thread-1     | query:61 || INFO | SELECT * FROM Well WHERE id = 24
2018-10-25 20:52:56,615 | DBHandlers.WellDAO | Thread-1     | read_by_id:59 || DEBUG | Result: <sqlite3.Row object at 0x75aa8500>
2018-10-25 20:52:56,626 | Models.Well | Thread-1     | __init__:11 || INFO | Init Well
2018-10-25 20:52:56,643 | Models.Well | Thread-1     | __init__:12 || DEBUG | init well(24,3.713,8.06)
2018-10-25 20:52:56,654 | Linker.Linker | Thread-1     | convert_reading_to_well_reading:80 || DEBUG | Retrieved Well information
2018-10-25 20:52:56,665 | Models.WellReading | Thread-1     | __init__:30 || INFO | Init Well Reading
2018-10-25 20:52:56,681 | Models.WellReading | Thread-1     | __init__:31 || DEBUG | Init WellReading(
Well 24:
	 water area = 3.713,
	 Well Height = 8.06.,217.0 , 2018-10-25 20:52:56.463965 )
2018-10-25 20:52:56,698 | Models.WellReading | Thread-1     | calculate_volume:85 || INFO | Calculating Volume
2018-10-25 20:52:56,714 | Linker.Linker | Thread-1     | convert_reading_to_well_reading:82 || DEBUG | 

Well 24:
	 water area = 3.713,
	 Well Height = 8.06.
	 Volume = 805.721
	 Timestamp = 2018-10-25 20:52:56.463965
2018-10-25 20:52:56,731 | Linker.Linker | Thread-1     | link_and_persist:54 || DEBUG | Converted Well Readings:>
2018-10-25 20:52:56,742 | Linker.Linker | Thread-1     | link_and_persist:55 || DEBUG | 
[
Well 24:
	 water area = 3.713,
	 Well Height = 8.06.
	 Volume = 805.721
	 Timestamp = 2018-10-25 20:52:56.463965]
2018-10-25 20:52:56,759 | FirebaseDriver.FirebaseDriver | Thread-1     | save_reading:75 || INFO | Persisting Reading to the cloud
2018-10-25 20:52:57,376 | google.auth.transport.requests | Thread-2     | __call__:117 || DEBUG | Making request: POST https://oauth2.googleapis.com/token
2018-10-25 20:52:57,525 | urllib3.connectionpool | Thread-2     | _new_conn:813 || DEBUG | Starting new HTTPS connection (1): oauth2.googleapis.com:443
2018-10-25 20:52:58,430 | urllib3.connectionpool | Thread-2     | _make_request:393 || DEBUG | https://oauth2.googleapis.com:443 "POST /token HTTP/1.1" 200 None
2018-10-25 20:52:58,965 | FirebaseDriver.FirebaseDriver | Thread-1     | save_reading:85 || INFO | Save to cloud was successful
2018-10-25 20:52:59,003 | __main__ | Thread-1     | i2c:37 || INFO | Receiving I2C communications
2018-10-25 20:52:59,019 | Linker.Linker | Thread-1     | __init__:22 || INFO | Init Linker
2018-10-25 20:52:59,046 | FirebaseDriver.FirebaseDriver | Thread-1     | __init__:29 || INFO | Init Cloud Connection
2018-10-25 20:53:56,298 | __main__ | Thread-1     | i2c:37 || INFO | Receiving I2C communications
2018-10-25 20:53:56,320 | Linker.Linker | Thread-1     | __init__:22 || INFO | Init Linker
2018-10-25 20:53:56,344 | FirebaseDriver.FirebaseDriver | Thread-1     | __init__:29 || INFO | Init Cloud Connection
2018-10-25 20:53:56,414 | __main__ | Thread-1     | i2c:48 || INFO | Convert Raw Bytes into well_id and measurement: 00:00:65:44:00:00:2c:42
2018-10-25 20:53:56,430 | __main__ | Thread-1     | i2c:50 || DEBUG | Bytes converted to :> id = 916.0 , measurement = 43.0
2018-10-25 20:53:56,441 | __main__ | Thread-1     | i2c:52 || INFO | Creadting a Reading instance from I2C data
2018-10-25 20:53:56,453 | Models.Reading | Thread-1     | __init__:19 || INFO | Init Reading
2018-10-25 20:53:56,470 | Models.Reading | Thread-1     | __init__:20 || DEBUG | Init Reading( 916, 43.0, 2018-10-25 20:53:56.452894)
2018-10-25 20:53:56,481 | __main__ | Thread-1     | i2c:54 || DEBUG | Received Reading :
Reading:> 
	 Well ID  = 916
	 Raw data = 43.0
	 Time = 43.0

2018-10-25 20:53:56,497 | Linker.Linker | Thread-1     | link_and_persist:40 || INFO | preparing to link and persist
2018-10-25 20:53:56,514 | Linker.Linker | Thread-1     | link_and_persist:41 || DEBUG | linking and persisting:> 
 Reading:> 
	 Well ID  = 916
	 Raw data = 43.0
	 Time = 43.0

2018-10-25 20:53:56,530 | Linker.Linker | Thread-1     | convert_reading_to_well_reading:76 || DEBUG | Converting Reading:> 
	 Well ID  = 916
	 Raw data = 43.0
	 Time = 43.0

2018-10-25 20:53:56,546 | DBHandlers.WellDAO | Thread-1     | read_by_id:55 || INFO | Selecting Well with id = 916
2018-10-25 20:53:56,574 | DBHandlers.DBDriver | Thread-1     | query:61 || INFO | SELECT * FROM Well WHERE id = 916
2018-10-25 20:53:56,616 | DBHandlers.WellDAO | Thread-1     | read_by_id:59 || DEBUG | Result: <sqlite3.Row object at 0x75aa8c40>
2018-10-25 20:53:56,627 | Models.Well | Thread-1     | __init__:11 || INFO | Init Well
2018-10-25 20:53:56,644 | Models.Well | Thread-1     | __init__:12 || DEBUG | init well(916,5.449,4.379)
2018-10-25 20:53:56,654 | Linker.Linker | Thread-1     | convert_reading_to_well_reading:80 || DEBUG | Retrieved Well information
2018-10-25 20:53:56,665 | Models.WellReading | Thread-1     | __init__:30 || INFO | Init Well Reading
2018-10-25 20:53:56,682 | Models.WellReading | Thread-1     | __init__:31 || DEBUG | Init WellReading(
Well 916:
	 water area = 5.449,
	 Well Height = 4.379.,43.0 , 2018-10-25 20:53:56.452894 )
2018-10-25 20:53:56,693 | Models.WellReading | Thread-1     | calculate_volume:85 || INFO | Calculating Volume
2018-10-25 20:53:56,710 | Linker.Linker | Thread-1     | convert_reading_to_well_reading:82 || DEBUG | 

Well 916:
	 water area = 5.449,
	 Well Height = 4.379.
	 Volume = 234.307
	 Timestamp = 2018-10-25 20:53:56.452894
2018-10-25 20:53:56,726 | Linker.Linker | Thread-1     | link_and_persist:54 || DEBUG | Converted Well Readings:>
2018-10-25 20:53:56,742 | Linker.Linker | Thread-1     | link_and_persist:55 || DEBUG | 
[
Well 916:
	 water area = 5.449,
	 Well Height = 4.379.
	 Volume = 234.307
	 Timestamp = 2018-10-25 20:53:56.452894]
2018-10-25 20:53:56,758 | FirebaseDriver.FirebaseDriver | Thread-1     | save_reading:75 || INFO | Persisting Reading to the cloud
2018-10-25 20:53:57,249 | FirebaseDriver.FirebaseDriver | Thread-1     | save_reading:85 || INFO | Save to cloud was successful
2018-10-25 20:54:56,298 | __main__ | Thread-1     | i2c:37 || INFO | Receiving I2C communications
2018-10-25 20:54:56,320 | Linker.Linker | Thread-1     | __init__:22 || INFO | Init Linker
2018-10-25 20:54:56,350 | FirebaseDriver.FirebaseDriver | Thread-1     | __init__:29 || INFO | Init Cloud Connection
2018-10-25 20:54:56,430 | __main__ | Thread-1     | i2c:48 || INFO | Convert Raw Bytes into well_id and measurement: 00:00:9c:42:00:00:06:43
2018-10-25 20:54:56,446 | __main__ | Thread-1     | i2c:50 || DEBUG | Bytes converted to :> id = 78.0 , measurement = 134.0
2018-10-25 20:54:56,457 | __main__ | Thread-1     | i2c:52 || INFO | Creadting a Reading instance from I2C data
2018-10-25 20:54:56,473 | Models.Reading | Thread-1     | __init__:19 || INFO | Init Reading
2018-10-25 20:54:56,490 | Models.Reading | Thread-1     | __init__:20 || DEBUG | Init Reading( 78, 134.0, 2018-10-25 20:54:56.473580)
2018-10-25 20:54:56,501 | __main__ | Thread-1     | i2c:54 || DEBUG | Received Reading :
Reading:> 
	 Well ID  = 78
	 Raw data = 134.0
	 Time = 134.0

2018-10-25 20:54:56,517 | Linker.Linker | Thread-1     | link_and_persist:40 || INFO | preparing to link and persist
2018-10-25 20:54:56,534 | Linker.Linker | Thread-1     | link_and_persist:41 || DEBUG | linking and persisting:> 
 Reading:> 
	 Well ID  = 78
	 Raw data = 134.0
	 Time = 134.0

2018-10-25 20:54:56,550 | Linker.Linker | Thread-1     | convert_reading_to_well_reading:76 || DEBUG | Converting Reading:> 
	 Well ID  = 78
	 Raw data = 134.0
	 Time = 134.0

2018-10-25 20:54:56,567 | DBHandlers.WellDAO | Thread-1     | read_by_id:55 || INFO | Selecting Well with id = 78
2018-10-25 20:54:56,594 | DBHandlers.DBDriver | Thread-1     | query:61 || INFO | SELECT * FROM Well WHERE id = 78
2018-10-25 20:54:56,626 | DBHandlers.WellDAO | Thread-1     | read_by_id:59 || DEBUG | Result: <sqlite3.Row object at 0x75aa8620>
2018-10-25 20:54:56,637 | Models.Well | Thread-1     | __init__:11 || INFO | Init Well
2018-10-25 20:54:56,653 | Models.Well | Thread-1     | __init__:12 || DEBUG | init well(78,2.0,4.0)
2018-10-25 20:54:56,664 | Linker.Linker | Thread-1     | convert_reading_to_well_reading:80 || DEBUG | Retrieved Well information
2018-10-25 20:54:56,675 | Models.WellReading | Thread-1     | __init__:30 || INFO | Init Well Reading
2018-10-25 20:54:56,692 | Models.WellReading | Thread-1     | __init__:31 || DEBUG | Init WellReading(
Well 78:
	 water area = 2.0,
	 Well Height = 4.0.,134.0 , 2018-10-25 20:54:56.473580 )
2018-10-25 20:54:56,708 | Models.WellReading | Thread-1     | calculate_volume:85 || INFO | Calculating Volume
2018-10-25 20:54:56,724 | Linker.Linker | Thread-1     | convert_reading_to_well_reading:82 || DEBUG | 

Well 78:
	 water area = 2.0,
	 Well Height = 4.0.
	 Volume = 268.0
	 Timestamp = 2018-10-25 20:54:56.473580
2018-10-25 20:54:56,740 | Linker.Linker | Thread-1     | link_and_persist:54 || DEBUG | Converted Well Readings:>
2018-10-25 20:54:56,752 | Linker.Linker | Thread-1     | link_and_persist:55 || DEBUG | 
[
Well 78:
	 water area = 2.0,
	 Well Height = 4.0.
	 Volume = 268.0
	 Timestamp = 2018-10-25 20:54:56.473580]
2018-10-25 20:54:56,768 | FirebaseDriver.FirebaseDriver | Thread-1     | save_reading:75 || INFO | Persisting Reading to the cloud
2018-10-25 20:54:57,254 | FirebaseDriver.FirebaseDriver | Thread-1     | save_reading:85 || INFO | Save to cloud was successful
2018-10-25 20:54:57,292 | __main__ | Thread-1     | i2c:37 || INFO | Receiving I2C communications
2018-10-25 20:54:57,308 | Linker.Linker | Thread-1     | __init__:22 || INFO | Init Linker
2018-10-25 20:54:57,335 | FirebaseDriver.FirebaseDriver | Thread-1     | __init__:29 || INFO | Init Cloud Connection
2018-10-25 20:55:56,300 | __main__ | Thread-1     | i2c:37 || INFO | Receiving I2C communications
2018-10-25 20:55:56,322 | Linker.Linker | Thread-1     | __init__:22 || INFO | Init Linker
2018-10-25 20:55:56,351 | FirebaseDriver.FirebaseDriver | Thread-1     | __init__:29 || INFO | Init Cloud Connection
2018-10-25 20:55:56,436 | __main__ | Thread-1     | i2c:48 || INFO | Convert Raw Bytes into well_id and measurement: 00:80:bc:43:00:00:70:42
2018-10-25 20:55:56,453 | __main__ | Thread-1     | i2c:50 || DEBUG | Bytes converted to :> id = 377.0 , measurement = 60.0
2018-10-25 20:55:56,464 | __main__ | Thread-1     | i2c:52 || INFO | Creadting a Reading instance from I2C data
2018-10-25 20:55:56,481 | Models.Reading | Thread-1     | __init__:19 || INFO | Init Reading
2018-10-25 20:55:56,498 | Models.Reading | Thread-1     | __init__:20 || DEBUG | Init Reading( 377, 60.0, 2018-10-25 20:55:56.481255)
2018-10-25 20:55:56,509 | __main__ | Thread-1     | i2c:54 || DEBUG | Received Reading :
Reading:> 
	 Well ID  = 377
	 Raw data = 60.0
	 Time = 60.0

2018-10-25 20:55:56,526 | Linker.Linker | Thread-1     | link_and_persist:40 || INFO | preparing to link and persist
2018-10-25 20:55:56,543 | Linker.Linker | Thread-1     | link_and_persist:41 || DEBUG | linking and persisting:> 
 Reading:> 
	 Well ID  = 377
	 Raw data = 60.0
	 Time = 60.0

2018-10-25 20:55:56,560 | Linker.Linker | Thread-1     | convert_reading_to_well_reading:76 || DEBUG | Converting Reading:> 
	 Well ID  = 377
	 Raw data = 60.0
	 Time = 60.0

2018-10-25 20:55:56,576 | DBHandlers.WellDAO | Thread-1     | read_by_id:55 || INFO | Selecting Well with id = 377
2018-10-25 20:55:56,604 | DBHandlers.DBDriver | Thread-1     | query:61 || INFO | SELECT * FROM Well WHERE id = 377
2018-10-25 20:55:56,641 | DBHandlers.WellDAO | Thread-1     | read_by_id:59 || DEBUG | Result: <sqlite3.Row object at 0x75aa8c00>
2018-10-25 20:55:56,653 | Models.Well | Thread-1     | __init__:11 || INFO | Init Well
2018-10-25 20:55:56,669 | Models.Well | Thread-1     | __init__:12 || DEBUG | init well(377,3.955,4.956)
2018-10-25 20:55:56,680 | Linker.Linker | Thread-1     | convert_reading_to_well_reading:80 || DEBUG | Retrieved Well information
2018-10-25 20:55:56,692 | Models.WellReading | Thread-1     | __init__:30 || INFO | Init Well Reading
2018-10-25 20:55:56,709 | Models.WellReading | Thread-1     | __init__:31 || DEBUG | Init WellReading(
Well 377:
	 water area = 3.955,
	 Well Height = 4.956.,60.0 , 2018-10-25 20:55:56.481255 )
2018-10-25 20:55:56,725 | Models.WellReading | Thread-1     | calculate_volume:85 || INFO | Calculating Volume
2018-10-25 20:55:56,746 | Linker.Linker | Thread-1     | convert_reading_to_well_reading:82 || DEBUG | 

Well 377:
	 water area = 3.955,
	 Well Height = 4.956.
	 Volume = 237.3
	 Timestamp = 2018-10-25 20:55:56.481255
2018-10-25 20:55:56,763 | Linker.Linker | Thread-1     | link_and_persist:54 || DEBUG | Converted Well Readings:>
2018-10-25 20:55:56,775 | Linker.Linker | Thread-1     | link_and_persist:55 || DEBUG | 
[
Well 377:
	 water area = 3.955,
	 Well Height = 4.956.
	 Volume = 237.3
	 Timestamp = 2018-10-25 20:55:56.481255]
2018-10-25 20:55:56,792 | FirebaseDriver.FirebaseDriver | Thread-1     | save_reading:75 || INFO | Persisting Reading to the cloud
2018-10-25 20:55:57,277 | FirebaseDriver.FirebaseDriver | Thread-1     | save_reading:85 || INFO | Save to cloud was successful
2018-10-25 20:55:57,315 | __main__ | Thread-1     | i2c:37 || INFO | Receiving I2C communications
2018-10-25 20:55:57,331 | Linker.Linker | Thread-1     | __init__:22 || INFO | Init Linker
2018-10-25 20:55:57,359 | FirebaseDriver.FirebaseDriver | Thread-1     | __init__:29 || INFO | Init Cloud Connection
2018-10-25 20:56:56,301 | __main__ | Thread-1     | i2c:37 || INFO | Receiving I2C communications
2018-10-25 20:56:56,318 | Linker.Linker | Thread-1     | __init__:22 || INFO | Init Linker
2018-10-25 20:56:56,349 | FirebaseDriver.FirebaseDriver | Thread-1     | __init__:29 || INFO | Init Cloud Connection
2018-10-25 20:56:56,429 | __main__ | Thread-1     | i2c:48 || INFO | Convert Raw Bytes into well_id and measurement: 00:00:50:41:00:00:59:43
2018-10-25 20:56:56,445 | __main__ | Thread-1     | i2c:50 || DEBUG | Bytes converted to :> id = 13.0 , measurement = 217.0
2018-10-25 20:56:56,457 | __main__ | Thread-1     | i2c:52 || INFO | Creadting a Reading instance from I2C data
2018-10-25 20:56:56,473 | Models.Reading | Thread-1     | __init__:19 || INFO | Init Reading
2018-10-25 20:56:56,490 | Models.Reading | Thread-1     | __init__:20 || DEBUG | Init Reading( 13, 217.0, 2018-10-25 20:56:56.473710)
2018-10-25 20:56:56,501 | __main__ | Thread-1     | i2c:54 || DEBUG | Received Reading :
Reading:> 
	 Well ID  = 13
	 Raw data = 217.0
	 Time = 217.0

2018-10-25 20:56:56,518 | Linker.Linker | Thread-1     | link_and_persist:40 || INFO | preparing to link and persist
2018-10-25 20:56:56,535 | Linker.Linker | Thread-1     | link_and_persist:41 || DEBUG | linking and persisting:> 
 Reading:> 
	 Well ID  = 13
	 Raw data = 217.0
	 Time = 217.0

2018-10-25 20:56:56,552 | Linker.Linker | Thread-1     | convert_reading_to_well_reading:76 || DEBUG | Converting Reading:> 
	 Well ID  = 13
	 Raw data = 217.0
	 Time = 217.0

2018-10-25 20:56:56,569 | DBHandlers.WellDAO | Thread-1     | read_by_id:55 || INFO | Selecting Well with id = 13
2018-10-25 20:56:56,596 | DBHandlers.DBDriver | Thread-1     | query:61 || INFO | SELECT * FROM Well WHERE id = 13
2018-10-25 20:56:56,628 | DBHandlers.WellDAO | Thread-1     | read_by_id:59 || DEBUG | Result: <sqlite3.Row object at 0x75aa8c50>
2018-10-25 20:56:56,640 | Models.Well | Thread-1     | __init__:11 || INFO | Init Well
2018-10-25 20:56:56,656 | Models.Well | Thread-1     | __init__:12 || DEBUG | init well(13,2.0,4.0)
2018-10-25 20:56:56,667 | Linker.Linker | Thread-1     | convert_reading_to_well_reading:80 || DEBUG | Retrieved Well information
2018-10-25 20:56:56,678 | Models.WellReading | Thread-1     | __init__:30 || INFO | Init Well Reading
2018-10-25 20:56:56,695 | Models.WellReading | Thread-1     | __init__:31 || DEBUG | Init WellReading(
Well 13:
	 water area = 2.0,
	 Well Height = 4.0.,217.0 , 2018-10-25 20:56:56.473710 )
2018-10-25 20:56:56,711 | Models.WellReading | Thread-1     | calculate_volume:85 || INFO | Calculating Volume
2018-10-25 20:56:56,727 | Linker.Linker | Thread-1     | convert_reading_to_well_reading:82 || DEBUG | 

Well 13:
	 water area = 2.0,
	 Well Height = 4.0.
	 Volume = 434.0
	 Timestamp = 2018-10-25 20:56:56.473710
2018-10-25 20:56:56,744 | Linker.Linker | Thread-1     | link_and_persist:54 || DEBUG | Converted Well Readings:>
2018-10-25 20:56:56,755 | Linker.Linker | Thread-1     | link_and_persist:55 || DEBUG | 
[
Well 13:
	 water area = 2.0,
	 Well Height = 4.0.
	 Volume = 434.0
	 Timestamp = 2018-10-25 20:56:56.473710]
2018-10-25 20:56:56,772 | FirebaseDriver.FirebaseDriver | Thread-1     | save_reading:75 || INFO | Persisting Reading to the cloud
2018-10-25 20:56:57,271 | FirebaseDriver.FirebaseDriver | Thread-1     | save_reading:85 || INFO | Save to cloud was successful
2018-10-25 20:57:56,301 | __main__ | Thread-1     | i2c:37 || INFO | Receiving I2C communications
2018-10-25 20:57:56,319 | Linker.Linker | Thread-1     | __init__:22 || INFO | Init Linker
2018-10-25 20:57:56,349 | FirebaseDriver.FirebaseDriver | Thread-1     | __init__:29 || INFO | Init Cloud Connection
2018-10-25 20:57:56,418 | __main__ | Thread-1     | i2c:48 || INFO | Convert Raw Bytes into well_id and measurement: 00:00:74:42:00:00:e0:41
2018-10-25 20:57:56,435 | __main__ | Thread-1     | i2c:50 || DEBUG | Bytes converted to :> id = 61.0 , measurement = 28.0
2018-10-25 20:57:56,446 | __main__ | Thread-1     | i2c:52 || INFO | Creadting a Reading instance from I2C data
2018-10-25 20:57:56,462 | Models.Reading | Thread-1     | __init__:19 || INFO | Init Reading
2018-10-25 20:57:56,478 | Models.Reading | Thread-1     | __init__:20 || DEBUG | Init Reading( 61, 28.0, 2018-10-25 20:57:56.462275)
2018-10-25 20:57:56,490 | __main__ | Thread-1     | i2c:54 || DEBUG | Received Reading :
Reading:> 
	 Well ID  = 61
	 Raw data = 28.0
	 Time = 28.0

2018-10-25 20:57:56,506 | Linker.Linker | Thread-1     | link_and_persist:40 || INFO | preparing to link and persist
2018-10-25 20:57:56,522 | Linker.Linker | Thread-1     | link_and_persist:41 || DEBUG | linking and persisting:> 
 Reading:> 
	 Well ID  = 61
	 Raw data = 28.0
	 Time = 28.0

2018-10-25 20:57:56,539 | Linker.Linker | Thread-1     | convert_reading_to_well_reading:76 || DEBUG | Converting Reading:> 
	 Well ID  = 61
	 Raw data = 28.0
	 Time = 28.0

2018-10-25 20:57:56,555 | DBHandlers.WellDAO | Thread-1     | read_by_id:55 || INFO | Selecting Well with id = 61
2018-10-25 20:57:56,582 | DBHandlers.DBDriver | Thread-1     | query:61 || INFO | SELECT * FROM Well WHERE id = 61
2018-10-25 20:57:56,620 | DBHandlers.WellDAO | Thread-1     | read_by_id:59 || DEBUG | Result: <sqlite3.Row object at 0x75aa8c20>
2018-10-25 20:57:56,631 | Models.Well | Thread-1     | __init__:11 || INFO | Init Well
2018-10-25 20:57:56,647 | Models.Well | Thread-1     | __init__:12 || DEBUG | init well(61,2.0,4.0)
2018-10-25 20:57:56,658 | Linker.Linker | Thread-1     | convert_reading_to_well_reading:80 || DEBUG | Retrieved Well information
2018-10-25 20:57:56,669 | Models.WellReading | Thread-1     | __init__:30 || INFO | Init Well Reading
2018-10-25 20:57:56,685 | Models.WellReading | Thread-1     | __init__:31 || DEBUG | Init WellReading(
Well 61:
	 water area = 2.0,
	 Well Height = 4.0.,28.0 , 2018-10-25 20:57:56.462275 )
2018-10-25 20:57:56,701 | Models.WellReading | Thread-1     | calculate_volume:85 || INFO | Calculating Volume
2018-10-25 20:57:56,718 | Linker.Linker | Thread-1     | convert_reading_to_well_reading:82 || DEBUG | 

Well 61:
	 water area = 2.0,
	 Well Height = 4.0.
	 Volume = 56.0
	 Timestamp = 2018-10-25 20:57:56.462275
2018-10-25 20:57:56,734 | Linker.Linker | Thread-1     | link_and_persist:54 || DEBUG | Converted Well Readings:>
2018-10-25 20:57:56,746 | Linker.Linker | Thread-1     | link_and_persist:55 || DEBUG | 
[
Well 61:
	 water area = 2.0,
	 Well Height = 4.0.
	 Volume = 56.0
	 Timestamp = 2018-10-25 20:57:56.462275]
2018-10-25 20:57:56,762 | FirebaseDriver.FirebaseDriver | Thread-1     | save_reading:75 || INFO | Persisting Reading to the cloud
2018-10-25 20:57:57,230 | FirebaseDriver.FirebaseDriver | Thread-1     | save_reading:85 || INFO | Save to cloud was successful
2018-10-25 20:57:57,268 | __main__ | Thread-1     | i2c:37 || INFO | Receiving I2C communications
2018-10-25 20:57:57,284 | Linker.Linker | Thread-1     | __init__:22 || INFO | Init Linker
2018-10-25 20:57:57,311 | FirebaseDriver.FirebaseDriver | Thread-1     | __init__:29 || INFO | Init Cloud Connection
2018-10-25 20:58:56,302 | __main__ | Thread-1     | i2c:37 || INFO | Receiving I2C communications
2018-10-25 20:58:56,320 | Linker.Linker | Thread-1     | __init__:22 || INFO | Init Linker
2018-10-25 20:58:56,351 | FirebaseDriver.FirebaseDriver | Thread-1     | __init__:29 || INFO | Init Cloud Connection
2018-10-25 20:58:56,420 | __main__ | Thread-1     | i2c:48 || INFO | Convert Raw Bytes into well_id and measurement: 00:80:8c:43:00:00:30:42
2018-10-25 20:58:56,437 | __main__ | Thread-1     | i2c:50 || DEBUG | Bytes converted to :> id = 281.0 , measurement = 44.0
2018-10-25 20:58:56,448 | __main__ | Thread-1     | i2c:52 || INFO | Creadting a Reading instance from I2C data
2018-10-25 20:58:56,464 | Models.Reading | Thread-1     | __init__:19 || INFO | Init Reading
2018-10-25 20:58:56,481 | Models.Reading | Thread-1     | __init__:20 || DEBUG | Init Reading( 281, 44.0, 2018-10-25 20:58:56.464857)
2018-10-25 20:58:56,492 | __main__ | Thread-1     | i2c:54 || DEBUG | Received Reading :
Reading:> 
	 Well ID  = 281
	 Raw data = 44.0
	 Time = 44.0

2018-10-25 20:58:56,508 | Linker.Linker | Thread-1     | link_and_persist:40 || INFO | preparing to link and persist
2018-10-25 20:58:56,524 | Linker.Linker | Thread-1     | link_and_persist:41 || DEBUG | linking and persisting:> 
 Reading:> 
	 Well ID  = 281
	 Raw data = 44.0
	 Time = 44.0

2018-10-25 20:58:56,540 | Linker.Linker | Thread-1     | convert_reading_to_well_reading:76 || DEBUG | Converting Reading:> 
	 Well ID  = 281
	 Raw data = 44.0
	 Time = 44.0

2018-10-25 20:58:56,551 | DBHandlers.WellDAO | Thread-1     | read_by_id:55 || INFO | Selecting Well with id = 281
2018-10-25 20:58:56,579 | DBHandlers.DBDriver | Thread-1     | query:61 || INFO | SELECT * FROM Well WHERE id = 281
2018-10-25 20:58:56,611 | DBHandlers.WellDAO | Thread-1     | read_by_id:59 || DEBUG | Result: <sqlite3.Row object at 0x75aa8790>
2018-10-25 20:58:56,622 | Models.Well | Thread-1     | __init__:11 || INFO | Init Well
2018-10-25 20:58:56,638 | Models.Well | Thread-1     | __init__:12 || DEBUG | init well(281,3.15,2.615)
2018-10-25 20:58:56,649 | Linker.Linker | Thread-1     | convert_reading_to_well_reading:80 || DEBUG | Retrieved Well information
2018-10-25 20:58:56,660 | Models.WellReading | Thread-1     | __init__:30 || INFO | Init Well Reading
2018-10-25 20:58:56,676 | Models.WellReading | Thread-1     | __init__:31 || DEBUG | Init WellReading(
Well 281:
	 water area = 3.15,
	 Well Height = 2.615.,44.0 , 2018-10-25 20:58:56.464857 )
2018-10-25 20:58:56,693 | Models.WellReading | Thread-1     | calculate_volume:85 || INFO | Calculating Volume
2018-10-25 20:58:56,709 | Linker.Linker | Thread-1     | convert_reading_to_well_reading:82 || DEBUG | 

Well 281:
	 water area = 3.15,
	 Well Height = 2.615.
	 Volume = 138.6
	 Timestamp = 2018-10-25 20:58:56.464857
2018-10-25 20:58:56,725 | Linker.Linker | Thread-1     | link_and_persist:54 || DEBUG | Converted Well Readings:>
2018-10-25 20:58:56,737 | Linker.Linker | Thread-1     | link_and_persist:55 || DEBUG | 
[
Well 281:
	 water area = 3.15,
	 Well Height = 2.615.
	 Volume = 138.6
	 Timestamp = 2018-10-25 20:58:56.464857]
2018-10-25 20:58:56,753 | FirebaseDriver.FirebaseDriver | Thread-1     | save_reading:75 || INFO | Persisting Reading to the cloud
2018-10-25 20:58:57,204 | FirebaseDriver.FirebaseDriver | Thread-1     | save_reading:85 || INFO | Save to cloud was successful
2018-10-25 20:59:56,302 | __main__ | Thread-1     | i2c:37 || INFO | Receiving I2C communications
2018-10-25 20:59:56,303 | Linker.Linker | Thread-1     | __init__:22 || INFO | Init Linker
2018-10-25 20:59:56,304 | FirebaseDriver.FirebaseDriver | Thread-1     | __init__:29 || INFO | Init Cloud Connection
2018-10-25 20:59:56,325 | __main__ | Thread-1     | i2c:48 || INFO | Convert Raw Bytes into well_id and measurement: 00:00:90:42:00:00:c2:42
2018-10-25 20:59:56,339 | __main__ | Thread-1     | i2c:50 || DEBUG | Bytes converted to :> id = 72.0 , measurement = 97.0
2018-10-25 20:59:56,350 | __main__ | Thread-1     | i2c:52 || INFO | Creadting a Reading instance from I2C data
2018-10-25 20:59:56,366 | Models.Reading | Thread-1     | __init__:19 || INFO | Init Reading
2018-10-25 20:59:56,382 | Models.Reading | Thread-1     | __init__:20 || DEBUG | Init Reading( 72, 97.0, 2018-10-25 20:59:56.366594)
2018-10-25 20:59:56,394 | __main__ | Thread-1     | i2c:54 || DEBUG | Received Reading :
Reading:> 
	 Well ID  = 72
	 Raw data = 97.0
	 Time = 97.0

2018-10-25 20:59:56,410 | Linker.Linker | Thread-1     | link_and_persist:40 || INFO | preparing to link and persist
2018-10-25 20:59:56,427 | Linker.Linker | Thread-1     | link_and_persist:41 || DEBUG | linking and persisting:> 
 Reading:> 
	 Well ID  = 72
	 Raw data = 97.0
	 Time = 97.0

2018-10-25 20:59:56,443 | Linker.Linker | Thread-1     | convert_reading_to_well_reading:76 || DEBUG | Converting Reading:> 
	 Well ID  = 72
	 Raw data = 97.0
	 Time = 97.0

2018-10-25 20:59:56,459 | DBHandlers.WellDAO | Thread-1     | read_by_id:55 || INFO | Selecting Well with id = 72
2018-10-25 20:59:56,487 | DBHandlers.DBDriver | Thread-1     | query:61 || INFO | SELECT * FROM Well WHERE id = 72
2018-10-25 20:59:56,518 | DBHandlers.WellDAO | Thread-1     | read_by_id:59 || DEBUG | Result: <sqlite3.Row object at 0x75aa8c90>
2018-10-25 20:59:56,530 | Models.Well | Thread-1     | __init__:11 || INFO | Init Well
2018-10-25 20:59:56,546 | Models.Well | Thread-1     | __init__:12 || DEBUG | init well(72,2.0,4.0)
2018-10-25 20:59:56,557 | Linker.Linker | Thread-1     | convert_reading_to_well_reading:80 || DEBUG | Retrieved Well information
2018-10-25 20:59:56,568 | Models.WellReading | Thread-1     | __init__:30 || INFO | Init Well Reading
2018-10-25 20:59:56,584 | Models.WellReading | Thread-1     | __init__:31 || DEBUG | Init WellReading(
Well 72:
	 water area = 2.0,
	 Well Height = 4.0.,97.0 , 2018-10-25 20:59:56.366594 )
2018-10-25 20:59:56,600 | Models.WellReading | Thread-1     | calculate_volume:85 || INFO | Calculating Volume
2018-10-25 20:59:56,617 | Linker.Linker | Thread-1     | convert_reading_to_well_reading:82 || DEBUG | 

Well 72:
	 water area = 2.0,
	 Well Height = 4.0.
	 Volume = 194.0
	 Timestamp = 2018-10-25 20:59:56.366594
2018-10-25 20:59:56,634 | Linker.Linker | Thread-1     | link_and_persist:54 || DEBUG | Converted Well Readings:>
2018-10-25 20:59:56,646 | Linker.Linker | Thread-1     | link_and_persist:55 || DEBUG | 
[
Well 72:
	 water area = 2.0,
	 Well Height = 4.0.
	 Volume = 194.0
	 Timestamp = 2018-10-25 20:59:56.366594]
2018-10-25 20:59:56,657 | FirebaseDriver.FirebaseDriver | Thread-1     | save_reading:75 || INFO | Persisting Reading to the cloud
2018-10-25 20:59:57,139 | FirebaseDriver.FirebaseDriver | Thread-1     | save_reading:85 || INFO | Save to cloud was successful
2018-10-25 21:00:56,303 | __main__ | Thread-1     | i2c:37 || INFO | Receiving I2C communications
2018-10-25 21:00:56,304 | Linker.Linker | Thread-1     | __init__:22 || INFO | Init Linker
2018-10-25 21:00:56,305 | FirebaseDriver.FirebaseDriver | Thread-1     | __init__:29 || INFO | Init Cloud Connection
2018-10-25 21:00:56,341 | __main__ | Thread-1     | i2c:48 || INFO | Convert Raw Bytes into well_id and measurement: 00:00:24:44:00:00:58:42
2018-10-25 21:00:56,358 | __main__ | Thread-1     | i2c:50 || DEBUG | Bytes converted to :> id = 656.0 , measurement = 54.0
2018-10-25 21:00:56,369 | __main__ | Thread-1     | i2c:52 || INFO | Creadting a Reading instance from I2C data
2018-10-25 21:00:56,385 | Models.Reading | Thread-1     | __init__:19 || INFO | Init Reading
2018-10-25 21:00:56,402 | Models.Reading | Thread-1     | __init__:20 || DEBUG | Init Reading( 656, 54.0, 2018-10-25 21:00:56.385544)
2018-10-25 21:00:56,413 | __main__ | Thread-1     | i2c:54 || DEBUG | Received Reading :
Reading:> 
	 Well ID  = 656
	 Raw data = 54.0
	 Time = 54.0

2018-10-25 21:00:56,424 | Linker.Linker | Thread-1     | link_and_persist:40 || INFO | preparing to link and persist
2018-10-25 21:00:56,441 | Linker.Linker | Thread-1     | link_and_persist:41 || DEBUG | linking and persisting:> 
 Reading:> 
	 Well ID  = 656
	 Raw data = 54.0
	 Time = 54.0

2018-10-25 21:00:56,457 | Linker.Linker | Thread-1     | convert_reading_to_well_reading:76 || DEBUG | Converting Reading:> 
	 Well ID  = 656
	 Raw data = 54.0
	 Time = 54.0

2018-10-25 21:00:56,473 | DBHandlers.WellDAO | Thread-1     | read_by_id:55 || INFO | Selecting Well with id = 656
2018-10-25 21:00:56,500 | DBHandlers.DBDriver | Thread-1     | query:61 || INFO | SELECT * FROM Well WHERE id = 656
2018-10-25 21:00:56,534 | DBHandlers.WellDAO | Thread-1     | read_by_id:59 || DEBUG | Result: <sqlite3.Row object at 0x75aa8c50>
2018-10-25 21:00:56,546 | Models.Well | Thread-1     | __init__:11 || INFO | Init Well
2018-10-25 21:00:56,562 | Models.Well | Thread-1     | __init__:12 || DEBUG | init well(656,1.826648121843165,4.0)
2018-10-25 21:00:56,573 | Linker.Linker | Thread-1     | convert_reading_to_well_reading:80 || DEBUG | Retrieved Well information
2018-10-25 21:00:56,584 | Models.WellReading | Thread-1     | __init__:30 || INFO | Init Well Reading
2018-10-25 21:00:56,600 | Models.WellReading | Thread-1     | __init__:31 || DEBUG | Init WellReading(
Well 656:
	 water area = 1.826648121843165,
	 Well Height = 4.0.,54.0 , 2018-10-25 21:00:56.385544 )
2018-10-25 21:00:56,616 | Models.WellReading | Thread-1     | calculate_volume:85 || INFO | Calculating Volume
2018-10-25 21:00:56,633 | Linker.Linker | Thread-1     | convert_reading_to_well_reading:82 || DEBUG | 

Well 656:
	 water area = 1.826648121843165,
	 Well Height = 4.0.
	 Volume = 98.639
	 Timestamp = 2018-10-25 21:00:56.385544
2018-10-25 21:00:56,649 | Linker.Linker | Thread-1     | link_and_persist:54 || DEBUG | Converted Well Readings:>
2018-10-25 21:00:56,660 | Linker.Linker | Thread-1     | link_and_persist:55 || DEBUG | 
[
Well 656:
	 water area = 1.826648121843165,
	 Well Height = 4.0.
	 Volume = 98.639
	 Timestamp = 2018-10-25 21:00:56.385544]
2018-10-25 21:00:56,676 | FirebaseDriver.FirebaseDriver | Thread-1     | save_reading:75 || INFO | Persisting Reading to the cloud
2018-10-25 21:00:57,233 | FirebaseDriver.FirebaseDriver | Thread-1     | save_reading:85 || INFO | Save to cloud was successful
2018-10-25 21:00:57,270 | __main__ | Thread-1     | i2c:37 || INFO | Receiving I2C communications
2018-10-25 21:00:57,286 | Linker.Linker | Thread-1     | __init__:22 || INFO | Init Linker
2018-10-25 21:00:57,313 | FirebaseDriver.FirebaseDriver | Thread-1     | __init__:29 || INFO | Init Cloud Connection
2018-10-25 21:01:56,304 | __main__ | Thread-1     | i2c:37 || INFO | Receiving I2C communications
2018-10-25 21:01:56,321 | Linker.Linker | Thread-1     | __init__:22 || INFO | Init Linker
2018-10-25 21:01:56,352 | FirebaseDriver.FirebaseDriver | Thread-1     | __init__:29 || INFO | Init Cloud Connection
2018-10-25 21:01:56,431 | __main__ | Thread-1     | i2c:48 || INFO | Convert Raw Bytes into well_id and measurement: 00:80:79:44:00:00:72:43
2018-10-25 21:01:56,448 | __main__ | Thread-1     | i2c:50 || DEBUG | Bytes converted to :> id = 998.0 , measurement = 242.0
2018-10-25 21:01:56,459 | __main__ | Thread-1     | i2c:52 || INFO | Creadting a Reading instance from I2C data
2018-10-25 21:01:56,476 | Models.Reading | Thread-1     | __init__:19 || INFO | Init Reading
2018-10-25 21:01:56,492 | Models.Reading | Thread-1     | __init__:20 || DEBUG | Init Reading( 998, 242.0, 2018-10-25 21:01:56.476195)
2018-10-25 21:01:56,503 | __main__ | Thread-1     | i2c:54 || DEBUG | Received Reading :
Reading:> 
	 Well ID  = 998
	 Raw data = 242.0
	 Time = 242.0

2018-10-25 21:01:56,519 | Linker.Linker | Thread-1     | link_and_persist:40 || INFO | preparing to link and persist
2018-10-25 21:01:56,536 | Linker.Linker | Thread-1     | link_and_persist:41 || DEBUG | linking and persisting:> 
 Reading:> 
	 Well ID  = 998
	 Raw data = 242.0
	 Time = 242.0

2018-10-25 21:01:56,552 | Linker.Linker | Thread-1     | convert_reading_to_well_reading:76 || DEBUG | Converting Reading:> 
	 Well ID  = 998
	 Raw data = 242.0
	 Time = 242.0

2018-10-25 21:01:56,563 | DBHandlers.WellDAO | Thread-1     | read_by_id:55 || INFO | Selecting Well with id = 998
2018-10-25 21:01:56,590 | DBHandlers.DBDriver | Thread-1     | query:61 || INFO | SELECT * FROM Well WHERE id = 998
2018-10-25 21:01:56,627 | DBHandlers.WellDAO | Thread-1     | read_by_id:59 || DEBUG | Result: <sqlite3.Row object at 0x75aa8790>
2018-10-25 21:01:56,638 | Models.Well | Thread-1     | __init__:11 || INFO | Init Well
2018-10-25 21:01:56,654 | Models.Well | Thread-1     | __init__:12 || DEBUG | init well(998,8.124,9.282)
2018-10-25 21:01:56,665 | Linker.Linker | Thread-1     | convert_reading_to_well_reading:80 || DEBUG | Retrieved Well information
2018-10-25 21:01:56,676 | Models.WellReading | Thread-1     | __init__:30 || INFO | Init Well Reading
2018-10-25 21:01:56,693 | Models.WellReading | Thread-1     | __init__:31 || DEBUG | Init WellReading(
Well 998:
	 water area = 8.124,
	 Well Height = 9.282.,242.0 , 2018-10-25 21:01:56.476195 )
2018-10-25 21:01:56,704 | Models.WellReading | Thread-1     | calculate_volume:85 || INFO | Calculating Volume
2018-10-25 21:01:56,723 | Linker.Linker | Thread-1     | convert_reading_to_well_reading:82 || DEBUG | 

Well 998:
	 water area = 8.124,
	 Well Height = 9.282.
	 Volume = 1966.008
	 Timestamp = 2018-10-25 21:01:56.476195
2018-10-25 21:01:56,740 | Linker.Linker | Thread-1     | link_and_persist:54 || DEBUG | Converted Well Readings:>
2018-10-25 21:01:56,752 | Linker.Linker | Thread-1     | link_and_persist:55 || DEBUG | 
[
Well 998:
	 water area = 8.124,
	 Well Height = 9.282.
	 Volume = 1966.008
	 Timestamp = 2018-10-25 21:01:56.476195]
2018-10-25 21:01:56,762 | FirebaseDriver.FirebaseDriver | Thread-1     | save_reading:75 || INFO | Persisting Reading to the cloud
2018-10-25 21:01:57,225 | FirebaseDriver.FirebaseDriver | Thread-1     | save_reading:85 || INFO | Save to cloud was successful
2018-10-25 21:03:56,304 | __main__ | Thread-1     | i2c:37 || INFO | Receiving I2C communications
2018-10-25 21:03:56,305 | Linker.Linker | Thread-1     | __init__:22 || INFO | Init Linker
2018-10-25 21:03:56,327 | FirebaseDriver.FirebaseDriver | Thread-1     | __init__:29 || INFO | Init Cloud Connection
2018-10-25 21:03:56,401 | __main__ | Thread-1     | i2c:48 || INFO | Convert Raw Bytes into well_id and measurement: 00:80:58:44:00:00:f6:42
2018-10-25 21:03:56,417 | __main__ | Thread-1     | i2c:50 || DEBUG | Bytes converted to :> id = 866.0 , measurement = 123.0
2018-10-25 21:03:56,428 | __main__ | Thread-1     | i2c:52 || INFO | Creadting a Reading instance from I2C data
2018-10-25 21:03:56,444 | Models.Reading | Thread-1     | __init__:19 || INFO | Init Reading
2018-10-25 21:03:56,460 | Models.Reading | Thread-1     | __init__:20 || DEBUG | Init Reading( 866, 123.0, 2018-10-25 21:03:56.444155)
2018-10-25 21:03:56,471 | __main__ | Thread-1     | i2c:54 || DEBUG | Received Reading :
Reading:> 
	 Well ID  = 866
	 Raw data = 123.0
	 Time = 123.0

2018-10-25 21:03:56,482 | Linker.Linker | Thread-1     | link_and_persist:40 || INFO | preparing to link and persist
2018-10-25 21:03:56,498 | Linker.Linker | Thread-1     | link_and_persist:41 || DEBUG | linking and persisting:> 
 Reading:> 
	 Well ID  = 866
	 Raw data = 123.0
	 Time = 123.0

2018-10-25 21:03:56,514 | Linker.Linker | Thread-1     | convert_reading_to_well_reading:76 || DEBUG | Converting Reading:> 
	 Well ID  = 866
	 Raw data = 123.0
	 Time = 123.0

2018-10-25 21:03:56,531 | DBHandlers.WellDAO | Thread-1     | read_by_id:55 || INFO | Selecting Well with id = 866
2018-10-25 21:03:56,557 | DBHandlers.DBDriver | Thread-1     | query:61 || INFO | SELECT * FROM Well WHERE id = 866
2018-10-25 21:03:56,594 | DBHandlers.WellDAO | Thread-1     | read_by_id:59 || DEBUG | Result: <sqlite3.Row object at 0x75aa8c50>
2018-10-25 21:03:56,605 | Models.Well | Thread-1     | __init__:11 || INFO | Init Well
2018-10-25 21:03:56,621 | Models.Well | Thread-1     | __init__:12 || DEBUG | init well(866,8.496,7.688)
2018-10-25 21:03:56,632 | Linker.Linker | Thread-1     | convert_reading_to_well_reading:80 || DEBUG | Retrieved Well information
2018-10-25 21:03:56,643 | Models.WellReading | Thread-1     | __init__:30 || INFO | Init Well Reading
2018-10-25 21:03:56,659 | Models.WellReading | Thread-1     | __init__:31 || DEBUG | Init WellReading(
Well 866:
	 water area = 8.496,
	 Well Height = 7.688.,123.0 , 2018-10-25 21:03:56.444155 )
2018-10-25 21:03:56,670 | Models.WellReading | Thread-1     | calculate_volume:85 || INFO | Calculating Volume
2018-10-25 21:03:56,687 | Linker.Linker | Thread-1     | convert_reading_to_well_reading:82 || DEBUG | 

Well 866:
	 water area = 8.496,
	 Well Height = 7.688.
	 Volume = 1045.008
	 Timestamp = 2018-10-25 21:03:56.444155
2018-10-25 21:03:56,703 | Linker.Linker | Thread-1     | link_and_persist:54 || DEBUG | Converted Well Readings:>
2018-10-25 21:03:56,714 | Linker.Linker | Thread-1     | link_and_persist:55 || DEBUG | 
[
Well 866:
	 water area = 8.496,
	 Well Height = 7.688.
	 Volume = 1045.008
	 Timestamp = 2018-10-25 21:03:56.444155]
2018-10-25 21:03:56,730 | FirebaseDriver.FirebaseDriver | Thread-1     | save_reading:75 || INFO | Persisting Reading to the cloud
2018-10-25 21:03:57,197 | FirebaseDriver.FirebaseDriver | Thread-1     | save_reading:85 || INFO | Save to cloud was successful
2018-10-25 21:03:57,239 | __main__ | Thread-1     | i2c:37 || INFO | Receiving I2C communications
2018-10-25 21:03:57,256 | Linker.Linker | Thread-1     | __init__:22 || INFO | Init Linker
2018-10-25 21:03:57,283 | FirebaseDriver.FirebaseDriver | Thread-1     | __init__:29 || INFO | Init Cloud Connection
2018-10-25 21:04:56,305 | __main__ | Thread-1     | i2c:37 || INFO | Receiving I2C communications
2018-10-25 21:04:56,318 | Linker.Linker | Thread-1     | __init__:22 || INFO | Init Linker
2018-10-25 21:04:56,322 | FirebaseDriver.FirebaseDriver | Thread-1     | __init__:29 || INFO | Init Cloud Connection
2018-10-25 21:04:56,338 | __main__ | Thread-1     | i2c:48 || INFO | Convert Raw Bytes into well_id and measurement: 00:00:28:42:00:00:a0:42
2018-10-25 21:04:56,355 | __main__ | Thread-1     | i2c:50 || DEBUG | Bytes converted to :> id = 42.0 , measurement = 80.0
2018-10-25 21:04:56,366 | __main__ | Thread-1     | i2c:52 || INFO | Creadting a Reading instance from I2C data
2018-10-25 21:04:56,383 | Models.Reading | Thread-1     | __init__:19 || INFO | Init Reading
2018-10-25 21:04:56,399 | Models.Reading | Thread-1     | __init__:20 || DEBUG | Init Reading( 42, 80.0, 2018-10-25 21:04:56.383070)
2018-10-25 21:04:56,410 | __main__ | Thread-1     | i2c:54 || DEBUG | Received Reading :
Reading:> 
	 Well ID  = 42
	 Raw data = 80.0
	 Time = 80.0

2018-10-25 21:04:56,426 | Linker.Linker | Thread-1     | link_and_persist:40 || INFO | preparing to link and persist
2018-10-25 21:04:56,442 | Linker.Linker | Thread-1     | link_and_persist:41 || DEBUG | linking and persisting:> 
 Reading:> 
	 Well ID  = 42
	 Raw data = 80.0
	 Time = 80.0

2018-10-25 21:04:56,458 | Linker.Linker | Thread-1     | convert_reading_to_well_reading:76 || DEBUG | Converting Reading:> 
	 Well ID  = 42
	 Raw data = 80.0
	 Time = 80.0

2018-10-25 21:04:56,474 | DBHandlers.WellDAO | Thread-1     | read_by_id:55 || INFO | Selecting Well with id = 42
2018-10-25 21:04:56,501 | DBHandlers.DBDriver | Thread-1     | query:61 || INFO | SELECT * FROM Well WHERE id = 42
2018-10-25 21:04:56,538 | DBHandlers.WellDAO | Thread-1     | read_by_id:59 || DEBUG | Result: <sqlite3.Row object at 0x75aa8c80>
2018-10-25 21:04:56,549 | Models.Well | Thread-1     | __init__:11 || INFO | Init Well
2018-10-25 21:04:56,565 | Models.Well | Thread-1     | __init__:12 || DEBUG | init well(42,6.029,6.653)
2018-10-25 21:04:56,576 | Linker.Linker | Thread-1     | convert_reading_to_well_reading:80 || DEBUG | Retrieved Well information
2018-10-25 21:04:56,587 | Models.WellReading | Thread-1     | __init__:30 || INFO | Init Well Reading
2018-10-25 21:04:56,603 | Models.WellReading | Thread-1     | __init__:31 || DEBUG | Init WellReading(
Well 42:
	 water area = 6.029,
	 Well Height = 6.653.,80.0 , 2018-10-25 21:04:56.383070 )
2018-10-25 21:04:56,619 | Models.WellReading | Thread-1     | calculate_volume:85 || INFO | Calculating Volume
2018-10-25 21:04:56,636 | Linker.Linker | Thread-1     | convert_reading_to_well_reading:82 || DEBUG | 

Well 42:
	 water area = 6.029,
	 Well Height = 6.653.
	 Volume = 482.32
	 Timestamp = 2018-10-25 21:04:56.383070
2018-10-25 21:04:56,652 | Linker.Linker | Thread-1     | link_and_persist:54 || DEBUG | Converted Well Readings:>
2018-10-25 21:04:56,663 | Linker.Linker | Thread-1     | link_and_persist:55 || DEBUG | 
[
Well 42:
	 water area = 6.029,
	 Well Height = 6.653.
	 Volume = 482.32
	 Timestamp = 2018-10-25 21:04:56.383070]
2018-10-25 21:04:56,679 | FirebaseDriver.FirebaseDriver | Thread-1     | save_reading:75 || INFO | Persisting Reading to the cloud
2018-10-25 21:04:57,745 | FirebaseDriver.FirebaseDriver | Thread-1     | save_reading:85 || INFO | Save to cloud was successful
2018-10-25 21:04:57,787 | __main__ | Thread-1     | i2c:37 || INFO | Receiving I2C communications
2018-10-25 21:04:57,803 | Linker.Linker | Thread-1     | __init__:22 || INFO | Init Linker
2018-10-25 21:04:57,830 | FirebaseDriver.FirebaseDriver | Thread-1     | __init__:29 || INFO | Init Cloud Connection
2018-10-25 21:05:56,305 | __main__ | Thread-1     | i2c:37 || INFO | Receiving I2C communications
2018-10-25 21:05:56,323 | Linker.Linker | Thread-1     | __init__:22 || INFO | Init Linker
2018-10-25 21:05:56,347 | FirebaseDriver.FirebaseDriver | Thread-1     | __init__:29 || INFO | Init Cloud Connection
2018-10-25 21:05:56,422 | __main__ | Thread-1     | i2c:48 || INFO | Convert Raw Bytes into well_id and measurement: 00:00:d1
2018-12-27 17:08:23,857 |                           root | MainThread   |       init_logging: 11 || INFO | -------------------------------------------------------- |
2018-12-27 17:08:23,857 |                           root | MainThread   |       init_logging: 12 || INFO | -------           New Logging session            ------- |
2018-12-27 17:08:23,858 |                           root | MainThread   |       init_logging: 13 || INFO | -------------------------------------------------------- |
2018-12-27 17:08:23,858 |                       __main__ | MainThread   |           __init__: 22 || INFO | Initiating ReadingSynch
2018-12-27 17:08:23,859 |                       __main__ | MainThread   |                run: 28 || INFO | Starting ReadingSynch
2018-12-27 17:08:23,863 |  FirebaseDriver.FirebaseDriver | MainThread   |           __init__: 29 || INFO | Init Cloud Connection
2018-12-27 17:08:33,874 |      DBHandlers.WellReadingDAO | MainThread   |           read_all: 50 || INFO | Reading all Well Readings
2018-12-27 17:08:33,876 |            DBHandlers.DBDriver | MainThread   |              query: 61 || INFO | SELECT * FROM WellReading INNER JOIN Well ON WellReading.well_id = Well.id
2018-12-27 17:08:33,877 |      DBHandlers.WellReadingDAO | MainThread   |           read_all: 54 || DEBUG | Query result 
[]
2018-12-27 17:08:33,878 |                       __main__ | MainThread   |                run: 52 || DEBUG | ReadingSynch taking a LONG SLEEP
